дек. 01, 2022 8:12:27 PM HomeWork_3 main
INFO: [[11, 45, 12, 32, 36, 36, 63, 38, 87, 88, 99]]
дек. 01, 2022 8:12:27 PM HomeWork_3 main
INFO: [99]
дек. 01, 2022 8:12:27 PM HomeWork_3 main
INFO: [11]
дек. 01, 2022 8:12:27 PM HomeWork_3 main
INFO: [547]
дек. 01, 2022 8:12:27 PM HomeWork_3 main
INFO: [273]
дек. 01, 2022 8:12:32 PM HomeWork_3 main
INFO: [[11, 45, 12, 32, 36, 36, 63, 38, 87, 88, 99]]
дек. 01, 2022 8:12:32 PM HomeWork_3 main
INFO: [99]
дек. 01, 2022 8:12:32 PM HomeWork_3 main
INFO: [11]
дек. 01, 2022 8:12:32 PM HomeWork_3 main
INFO: [547]
дек. 01, 2022 8:12:32 PM HomeWork_3 main
INFO: [273]
дек. 01, 2022 8:12:34 PM HomeWork_3 main
INFO: [[11, 45, 12, 32, 36, 36, 63, 38, 87, 88, 99]]
дек. 01, 2022 8:12:34 PM HomeWork_3 main
INFO: [99]
дек. 01, 2022 8:12:34 PM HomeWork_3 main
INFO: [11]
дек. 01, 2022 8:12:34 PM HomeWork_3 main
INFO: [547]
дек. 01, 2022 8:12:34 PM HomeWork_3 main
INFO: [273]
дек. 01, 2022 8:12:36 PM HomeWork_3 main
INFO: [[11, 45, 12, 32, 36, 36, 63, 38, 87, 88, 99]]
дек. 01, 2022 8:12:36 PM HomeWork_3 main
INFO: [99]
дек. 01, 2022 8:12:36 PM HomeWork_3 main
INFO: [11]
дек. 01, 2022 8:12:36 PM HomeWork_3 main
INFO: [547]
дек. 01, 2022 8:12:36 PM HomeWork_3 main
INFO: [273]
дек. 01, 2022 8:59:20 PM HomeWork_3_2 main
INFO: [99, 11, 63]
