дек. 01, 2022 12:27:25 PM HomeWork_1 main
INFO: [11, 15, -15, -12, 15, -8, -6, -14, -10, -4, -14, 0, -7, 10, -10, 11, 5, -9, -4, 7]
дек. 01, 2022 12:27:25 PM HomeWork_1 main
INFO: [11, 15, -15, -12, 15, -8, -6, -14, -10, -4, -14, 0, -7, 10, -10, 11, 5, -9, -4, 7]
дек. 01, 2022 12:27:25 PM HomeWork_1 main
INFO: [-15, -14, -14, -12, -10, -10, -9, -8, -7, -6, -4, -4, 0, 5, 7, 10, 11, 11, 15, 15]
дек. 01, 2022 12:28:00 PM HomeWork_1 main
INFO: [-11, -1, 13, 1, 12, 11, 7, -4, 6, 10, 3, 10, 1, -15, 7, 14, 1, -9, -8, 6]
дек. 01, 2022 12:28:00 PM HomeWork_1 main
INFO: [-15, -11, -9, -8, -4, -1, 1, 1, 1, 3, 6, 6, 7, 7, 10, 10, 11, 12, 13, 14]
дек. 01, 2022 12:30:25 PM HomeWork_1 main
INFO: [-13, -9, -15, 13, 12, 3, 9, 9, -4, 8, -14, -12, -3, 11, 6, 4, -9, 15, -5, -1]
дек. 01, 2022 12:30:25 PM HomeWork_1 main
INFO: [-15, -14, -13, -12, -9, -9, -5, -4, -3, -1, 3, 4, 6, 8, 9, 9, 11, 12, 13, 15]
дек. 01, 2022 12:32:59 PM HomeWork_1 main
INFO: [3, 8, -1, 7, -2, 15, -10, 2, -15, -10, -4, 6, 12, 4, 11, 13, 2, 9, 1, -6]
дек. 01, 2022 12:32:59 PM HomeWork_1 main
INFO: [-15, -10, -10, -6, -4, -2, -1, 1, 2, 2, 3, 4, 6, 7, 8, 9, 11, 12, 13, 15]
дек. 01, 2022 12:33:01 PM HomeWork_1 main
INFO: [-10, 6, -10, 15, 12, -1, 2, -7, -3, -15, -9, -13, -1, -4, 4, 3, 8, 1, 4, -8]
дек. 01, 2022 12:33:01 PM HomeWork_1 main
INFO: [-15, -13, -10, -10, -9, -8, -7, -4, -3, -1, -1, 1, 2, 3, 4, 4, 6, 8, 12, 15]
дек. 01, 2022 12:33:08 PM HomeWork_1 main
INFO: [5, -2, -1, 13, -8, -2, -7, -5, 13, 7, -6, -5, 14, 13, -1, -14, -2, 15, 0, -12]
дек. 01, 2022 12:33:08 PM HomeWork_1 main
INFO: [-14, -12, -8, -7, -6, -5, -5, -2, -2, -2, -1, -1, 0, 5, 7, 13, 13, 13, 14, 15]
дек. 01, 2022 12:33:11 PM HomeWork_1 main
INFO: [-9, -7, 0, 2, 10, -2, -8, -9, -7, 0, 9, -3, 10, -1, -12, 11, -2, 7, -12, 6]
дек. 01, 2022 12:33:11 PM HomeWork_1 main
INFO: [-12, -12, -9, -9, -8, -7, -7, -3, -2, -2, -1, 0, 0, 2, 6, 7, 9, 10, 10, 11]
дек. 01, 2022 12:33:13 PM HomeWork_1 main
INFO: [5, -11, 7, -13, 3, -7, 1, -12, 10, -4, -4, -8, 12, 7, 0, 11, 4, 15, 14, 7]
дек. 01, 2022 12:33:13 PM HomeWork_1 main
INFO: [-13, -12, -11, -8, -7, -4, -4, 0, 1, 3, 4, 5, 7, 7, 7, 10, 11, 12, 14, 15]
дек. 01, 2022 12:33:14 PM HomeWork_1 main
INFO: [-4, -2, 6, -12, -4, -11, -7, -6, 10, 2, 6, -6, 12, 0, -10, -4, 3, -7, -1, 7]
дек. 01, 2022 12:33:14 PM HomeWork_1 main
INFO: [-12, -11, -10, -7, -7, -6, -6, -4, -4, -4, -2, -1, 0, 2, 3, 6, 6, 7, 10, 12]
дек. 01, 2022 12:33:16 PM HomeWork_1 main
INFO: [-15, -9, -12, -7, 5, -13, -3, 7, 3, 8, -12, 4, -5, 5, 1, -3, -12, -5, 3, -13]
дек. 01, 2022 12:33:16 PM HomeWork_1 main
INFO: [-15, -13, -13, -12, -12, -12, -9, -7, -5, -5, -3, -3, 1, 3, 3, 4, 5, 5, 7, 8]
дек. 01, 2022 12:57:33 PM HomeWork_1 main
INFO: [6, -9, 10, 6, 15, -7, 6, 3, -2, -9, -8, -5, 9, -1, 10, -4, -13, -15, 10, -8]
дек. 01, 2022 12:57:33 PM HomeWork_1 main
INFO: [-15, -13, -9, -9, -8, -8, -7, -5, -4, -2, -1, 3, 6, 6, 6, 9, 10, 10, 10, 15]
дек. 01, 2022 12:57:42 PM HomeWork_1 main
INFO: [15, 12, 13, 8, 9, 10, 0, -2, 7, -2, -15, -6, 8, -10, -6, -14, 2, -12, -13, 13]
дек. 01, 2022 12:57:42 PM HomeWork_1 main
INFO: [-15, -14, -13, -12, -10, -6, -6, -2, -2, 0, 2, 7, 8, 8, 9, 10, 12, 13, 13, 15]
дек. 01, 2022 3:33:22 PM HomeWork_1 main
INFO: [-10, -5, -7, -7, -6, -9, -12, 6, 15, -14, 14, -15, 13, 15, 2, 9, 6, 1, -10, 14]
дек. 01, 2022 3:33:22 PM HomeWork_1 main
INFO: [-15, -14, -12, -10, -10, -9, -7, -7, -6, -5, 1, 2, 6, 6, 9, 13, 14, 14, 15, 15]
дек. 01, 2022 3:33:43 PM HomeWork_1 main
INFO: [-40, -14, -54, -11, -41, -45, -31, -20, -49, -13, -25, -18, -36, -24, -21, -11, -6, -8, -38, -26]
дек. 01, 2022 3:33:43 PM HomeWork_1 main
INFO: [-54, -49, -45, -41, -40, -38, -36, -31, -26, -25, -24, -21, -20, -18, -14, -13, -11, -11, -8, -6]
дек. 01, 2022 3:33:57 PM HomeWork_1 main
INFO: [-24, -53, -29, -49, -27, -50, -53, -5, -37, -7, -46, -44, -48, -19, -6, -25, -41, -45, -13, -35]
дек. 01, 2022 3:33:57 PM HomeWork_1 main
INFO: [-53, -53, -50, -49, -48, -46, -45, -44, -41, -37, -35, -29, -27, -25, -24, -19, -13, -7, -6, -5]
дек. 01, 2022 3:34:10 PM HomeWork_1 main
INFO: [3, 10, -2, 19, -14, 29, 16, 14, 4, 22, -5, 3, 8, 11, -1, -12, -2, -10, -11, 12]
дек. 01, 2022 3:34:10 PM HomeWork_1 main
INFO: [-14, -12, -11, -10, -5, -2, -2, -1, 3, 3, 4, 8, 10, 11, 12, 14, 16, 19, 22, 29]
дек. 01, 2022 6:19:20 PM HomeWork_1 main
INFO: [-6, 2, -5, 2, 26, -1, 16, 12, 11, 16, -4, -10, 25, 5, 31, -15, 29, 13, -1, 4]
дек. 01, 2022 6:19:20 PM HomeWork_1 main
INFO: [-15, -10, -6, -5, -4, -1, -1, 2, 2, 4, 5, 11, 12, 13, 16, 16, 25, 26, 29, 31]
дек. 01, 2022 6:19:22 PM HomeWork_1 main
INFO: [19, -10, -13, 14, 17, 0, -13, 5, 2, 21, 0, 9, 24, 3, -7, 11, -9, 33, -6, 4]
дек. 01, 2022 6:19:22 PM HomeWork_1 main
INFO: [-13, -13, -10, -9, -7, -6, 0, 0, 2, 3, 4, 5, 9, 11, 14, 17, 19, 21, 24, 33]
дек. 01, 2022 6:19:26 PM HomeWork_1 main
INFO: [-6, -7, -8, -5, 8, -13, -8, 11, 24, 27, -10, -3, 21, 23, 4, 6, -7, 4, -14, 29]
дек. 01, 2022 6:19:26 PM HomeWork_1 main
INFO: [-14, -13, -10, -8, -8, -7, -7, -6, -5, -3, 4, 4, 6, 8, 11, 21, 23, 24, 27, 29]
дек. 01, 2022 6:19:28 PM HomeWork_1 main
INFO: [7, 4, 24, 9, -4, -2, 34, 18, 9, 34, 5, 22, -10, 31, 31, 14, -2, 20, 7, 34]
дек. 01, 2022 6:19:28 PM HomeWork_1 main
INFO: [-10, -4, -2, -2, 4, 5, 7, 7, 9, 9, 14, 18, 20, 22, 24, 31, 31, 34, 34, 34]
дек. 01, 2022 6:19:36 PM HomeWork_1 main
INFO: [17, 21, -10, 14, 23, 7, 32, 6, -10, 20, -14, 34, 28, 17, 25, -3, 16, -13, 14, 5]
дек. 01, 2022 6:19:36 PM HomeWork_1 main
INFO: [-14, -13, -10, -10, -3, 5, 6, 7, 14, 14, 16, 17, 17, 20, 21, 23, 25, 28, 32, 34]
дек. 01, 2022 6:19:38 PM HomeWork_1 main
INFO: [3, -3, 31, 5, 17, 13, 7, 31, 24, 25, 10, -6, 4, 10, 32, -6, 21, 18, 8, 14]
дек. 01, 2022 6:19:38 PM HomeWork_1 main
INFO: [-6, -6, -3, 3, 4, 5, 7, 8, 10, 10, 13, 14, 17, 18, 21, 24, 25, 31, 31, 32]
