дек. 03, 2022 9:45:04 PM task_1_3 main
INFO: Запись в LinkedList:[[1, 91, 4, 71, 8, 13, 87]]
дек. 03, 2022 9:45:04 PM task_1_3 main
INFO: Развернутый список:[[87, 13, 8, 71, 4, 91, 1]]
дек. 03, 2022 9:45:04 PM task_1_3 main
INFO: Время работы для LinkedList (в милисекундах)78
дек. 03, 2022 9:45:08 PM task_1_3 main
INFO: Запись в LinkedList:[[4, 24, 98, 27, 98, 44, 15]]
дек. 03, 2022 9:45:08 PM task_1_3 main
INFO: Развернутый список:[[15, 44, 98, 27, 98, 24, 4]]
дек. 03, 2022 9:45:08 PM task_1_3 main
INFO: Время работы для LinkedList (в милисекундах)83
дек. 03, 2022 9:45:09 PM task_1_3 main
INFO: Запись в LinkedList:[[61, 24, 4, 2, 95, 60, 82]]
дек. 03, 2022 9:45:09 PM task_1_3 main
INFO: Развернутый список:[[82, 60, 95, 2, 4, 24, 61]]
дек. 03, 2022 9:45:09 PM task_1_3 main
INFO: Время работы для LinkedList (в милисекундах)87
дек. 03, 2022 9:45:11 PM task_1_3 main
INFO: Запись в LinkedList:[[36, 13, 6, 79, 76, 63, 55]]
дек. 03, 2022 9:45:11 PM task_1_3 main
INFO: Развернутый список:[[55, 63, 76, 79, 6, 13, 36]]
дек. 03, 2022 9:45:11 PM task_1_3 main
INFO: Время работы для LinkedList (в милисекундах)62
дек. 03, 2022 9:45:15 PM task_1_3 main
INFO: Запись в LinkedList:[[22, 82, 86, 15, 87, 62, 30]]
дек. 03, 2022 9:45:15 PM task_1_3 main
INFO: Развернутый список:[[30, 62, 87, 15, 86, 82, 22]]
дек. 03, 2022 9:45:15 PM task_1_3 main
INFO: Время работы для LinkedList (в милисекундах)127
дек. 03, 2022 9:45:17 PM task_1_3 main
INFO: Запись в LinkedList:[[92, 41, 66, 53, 89, 18, 63]]
дек. 03, 2022 9:45:17 PM task_1_3 main
INFO: Развернутый список:[[63, 18, 89, 53, 66, 41, 92]]
дек. 03, 2022 9:45:17 PM task_1_3 main
INFO: Время работы для LinkedList (в милисекундах)93
дек. 03, 2022 9:45:20 PM task_1_3 main
INFO: Запись в LinkedList:[[69, 76, 74, 42, 18, 52, 34]]
дек. 03, 2022 9:45:20 PM task_1_3 main
INFO: Развернутый список:[[34, 52, 18, 42, 74, 76, 69]]
дек. 03, 2022 9:45:20 PM task_1_3 main
INFO: Время работы для LinkedList (в милисекундах)78
дек. 03, 2022 9:45:22 PM task_1_3 main
INFO: Запись в LinkedList:[[71, 65, 33, 61, 45, 89, 24]]
дек. 03, 2022 9:45:22 PM task_1_3 main
INFO: Развернутый список:[[24, 89, 45, 61, 33, 65, 71]]
дек. 03, 2022 9:45:22 PM task_1_3 main
INFO: Время работы для LinkedList (в милисекундах)126
дек. 04, 2022 2:07:20 PM task_1_3 main
INFO: Запись в LinkedList: /n------------------------[[86, 21, 10, 11, 79, 20, 59]]
дек. 04, 2022 2:07:20 PM task_1_3 main
INFO: Развернутый список:[[59, 20, 79, 11, 10, 21, 86]]
дек. 04, 2022 2:07:20 PM task_1_3 main
INFO: Время работы для LinkedList (в милисекундах)68
дек. 04, 2022 2:30:56 PM task_1_3 main
INFO: Запись в LinkedList: [[54, 25, 51, 9, 69, 86, 96]]
_____________________________________________________
дек. 04, 2022 2:30:56 PM task_1_3 main
INFO: Развернутый список:[[96, 86, 69, 9, 51, 25, 54]]
_____________________________________________________
дек. 04, 2022 2:30:56 PM task_1_3 main
INFO: Время работы для LinkedList (в милисекундах)114
*====================================================*
дек. 04, 2022 2:31:10 PM task_1_3 main
INFO: Запись в LinkedList: [[37, 65, 58, 93, 86, 22, 38]]
_____________________________________________________
дек. 04, 2022 2:31:10 PM task_1_3 main
INFO: Развернутый список:[[38, 22, 86, 93, 58, 65, 37]]
_____________________________________________________
дек. 04, 2022 2:31:10 PM task_1_3 main
INFO: Время работы для LinkedList (в милисекундах)72
*====================================================*
дек. 04, 2022 2:31:12 PM task_1_3 main
INFO: Запись в LinkedList: [[78, 91, 47, 14, 96, 91, 25]]
_____________________________________________________
дек. 04, 2022 2:31:13 PM task_1_3 main
INFO: Развернутый список:[[25, 91, 96, 14, 47, 91, 78]]
_____________________________________________________
дек. 04, 2022 2:31:13 PM task_1_3 main
INFO: Время работы для LinkedList (в милисекундах)111
*====================================================*
дек. 04, 2022 2:31:15 PM task_1_3 main
INFO: Запись в LinkedList: [[52, 14, 72, 34, 24, 84, 70]]
_____________________________________________________
дек. 04, 2022 2:31:15 PM task_1_3 main
INFO: Развернутый список:[[70, 84, 24, 34, 72, 14, 52]]
_____________________________________________________
дек. 04, 2022 2:31:15 PM task_1_3 main
INFO: Время работы для LinkedList (в милисекундах)66
*====================================================*
дек. 04, 2022 2:31:33 PM task_1_3 main
INFO: Запись в LinkedList: [[89, 84, 36, 11, 58, 91, 33]]
_____________________________________________________
дек. 04, 2022 2:31:33 PM task_1_3 main
INFO: Развернутый список:[[33, 91, 58, 11, 36, 84, 89]]
_____________________________________________________
дек. 04, 2022 2:31:33 PM task_1_3 main
INFO: Время работы для LinkedList (в милисекундах)76
*====================================================*
дек. 04, 2022 2:31:35 PM task_1_3 main
INFO: Запись в LinkedList: [[16, 48, 2, 2, 78, 28, 22]]
_____________________________________________________
дек. 04, 2022 2:31:35 PM task_1_3 main
INFO: Развернутый список:[[22, 28, 78, 2, 2, 48, 16]]
_____________________________________________________
дек. 04, 2022 2:31:35 PM task_1_3 main
INFO: Время работы для LinkedList (в милисекундах)80
*====================================================*
дек. 04, 2022 2:31:36 PM task_1_3 main
INFO: Запись в LinkedList: [[13, 3, 52, 7, 84, 35, 34]]
_____________________________________________________
дек. 04, 2022 2:31:37 PM task_1_3 main
INFO: Развернутый список:[[34, 35, 84, 7, 52, 3, 13]]
_____________________________________________________
дек. 04, 2022 2:31:37 PM task_1_3 main
INFO: Время работы для LinkedList (в милисекундах)79
*====================================================*
дек. 04, 2022 2:31:38 PM task_1_3 main
INFO: Запись в LinkedList: [[6, 42, 49, 96, 15, 19, 10]]
_____________________________________________________
дек. 04, 2022 2:31:38 PM task_1_3 main
INFO: Развернутый список:[[10, 19, 15, 96, 49, 42, 6]]
_____________________________________________________
дек. 04, 2022 2:31:38 PM task_1_3 main
INFO: Время работы для LinkedList (в милисекундах)67
*====================================================*
дек. 04, 2022 2:31:40 PM task_1_3 main
INFO: Запись в LinkedList: [[17, 94, 42, 52, 79, 80, 70]]
_____________________________________________________
дек. 04, 2022 2:31:40 PM task_1_3 main
INFO: Развернутый список:[[70, 80, 79, 52, 42, 94, 17]]
_____________________________________________________
дек. 04, 2022 2:31:40 PM task_1_3 main
INFO: Время работы для LinkedList (в милисекундах)71
*====================================================*
дек. 04, 2022 2:31:41 PM task_1_3 main
INFO: Запись в LinkedList: [[57, 6, 7, 13, 85, 10, 14]]
_____________________________________________________
дек. 04, 2022 2:31:41 PM task_1_3 main
INFO: Развернутый список:[[14, 10, 85, 13, 7, 6, 57]]
_____________________________________________________
дек. 04, 2022 2:31:41 PM task_1_3 main
INFO: Время работы для LinkedList (в милисекундах)80
*====================================================*
дек. 04, 2022 2:31:45 PM task_1_3 main
INFO: Запись в LinkedList: [[53, 18, 92, 47, 89, 14, 49]]
_____________________________________________________
дек. 04, 2022 2:31:45 PM task_1_3 main
INFO: Развернутый список:[[49, 14, 89, 47, 92, 18, 53]]
_____________________________________________________
дек. 04, 2022 2:31:45 PM task_1_3 main
INFO: Время работы для LinkedList (в милисекундах)71
*====================================================*
дек. 04, 2022 2:31:51 PM task_1_3 main
INFO: Запись в LinkedList: [[1, 57, 30, 39, 22, 81, 78]]
_____________________________________________________
дек. 04, 2022 2:31:51 PM task_1_3 main
INFO: Развернутый список:[[78, 81, 22, 39, 30, 57, 1]]
_____________________________________________________
дек. 04, 2022 2:31:51 PM task_1_3 main
INFO: Время работы для LinkedList (в милисекундах)106
*====================================================*
дек. 04, 2022 2:31:59 PM task_1_3 main
INFO: Запись в LinkedList: [[36, 53, 24, 81, 66, 48, 36]]
_____________________________________________________
дек. 04, 2022 2:31:59 PM task_1_3 main
INFO: Развернутый список:[[36, 48, 66, 81, 24, 53, 36]]
_____________________________________________________
дек. 04, 2022 2:31:59 PM task_1_3 main
INFO: Время работы для LinkedList (в милисекундах)101
*====================================================*
дек. 04, 2022 2:32:02 PM task_1_3 main
INFO: Запись в LinkedList: [[98, 14, 52, 64, 69, 44, 91]]
_____________________________________________________
дек. 04, 2022 2:32:02 PM task_1_3 main
INFO: Развернутый список:[[91, 44, 69, 64, 52, 14, 98]]
_____________________________________________________
дек. 04, 2022 2:32:02 PM task_1_3 main
INFO: Время работы для LinkedList (в милисекундах)68
*====================================================*
дек. 04, 2022 2:32:04 PM task_1_3 main
INFO: Запись в LinkedList: [[22, 42, 30, 8, 17, 65, 80]]
_____________________________________________________
дек. 04, 2022 2:32:04 PM task_1_3 main
INFO: Развернутый список:[[80, 65, 17, 8, 30, 42, 22]]
_____________________________________________________
дек. 04, 2022 2:32:04 PM task_1_3 main
INFO: Время работы для LinkedList (в милисекундах)133
*====================================================*
дек. 04, 2022 2:32:06 PM task_1_3 main
INFO: Запись в LinkedList: [[2, 20, 21, 74, 37, 78, 1]]
_____________________________________________________
дек. 04, 2022 2:32:06 PM task_1_3 main
INFO: Развернутый список:[[1, 78, 37, 74, 21, 20, 2]]
_____________________________________________________
дек. 04, 2022 2:32:06 PM task_1_3 main
INFO: Время работы для LinkedList (в милисекундах)80
*====================================================*
дек. 04, 2022 2:32:08 PM task_1_3 main
INFO: Запись в LinkedList: [[8, 96, 45, 70, 12, 2, 67]]
_____________________________________________________
дек. 04, 2022 2:32:08 PM task_1_3 main
INFO: Развернутый список:[[67, 2, 12, 70, 45, 96, 8]]
_____________________________________________________
дек. 04, 2022 2:32:08 PM task_1_3 main
INFO: Время работы для LinkedList (в милисекундах)62
*====================================================*
дек. 04, 2022 8:25:34 PM task_1_3 main
INFO: Запись в LinkedList: [[79, 59, 67, 0, 25, 81, 48, 64, 55, 74]]
_____________________________________________________
дек. 04, 2022 8:25:34 PM task_1_3 main
INFO: Развернутый список:[[74, 55, 64, 48, 81, 25, 0, 67, 59, 79]]
_____________________________________________________
дек. 04, 2022 8:25:34 PM task_1_3 main
INFO: Время работы для LinkedList (в миллисекундах)155
*====================================================*
