дек. 05, 2022 7:45:07 PM task_3 main
INFO: 1
дек. 05, 2022 7:45:07 PM task_3 main
INFO: 10.0 1 10.0 = 20
дек. 05, 2022 7:46:27 PM task_3 main
INFO: 2
дек. 05, 2022 7:46:27 PM task_3 main
INFO: 3.0Первое число2 4.0 = -1
дек. 05, 2022 7:47:20 PM task_3 main
INFO: 4
дек. 05, 2022 7:47:20 PM task_3 main
INFO: Первое число: 6.04 5.0 = 30
дек. 05, 2022 7:54:30 PM task_3 main
INFO: 4
дек. 05, 2022 7:54:30 PM task_3 main
INFO: Действие: 1.Сложение 2.Разница 3.Деление 4.Умножение 
Первое число: 55.0
Действие: 4Второе число:55.0Равно: 3025
***************************************
дек. 05, 2022 7:54:59 PM task_3 main
INFO: 3
дек. 05, 2022 7:54:59 PM task_3 main
INFO: Действие: 1.Сложение 2.Разница 3.Деление 4.Умножение 
Первое число: 100.0
Действие: 3
Второе число:5.0Равно: 20
***************************************
дек. 05, 2022 7:55:24 PM task_3 main
INFO: 1
дек. 05, 2022 7:55:24 PM task_3 main
INFO: Действие: 1.Сложение 2.Разница 3.Деление 4.Умножение 
Первое число: 33.0
Действие: 1
Второе число:77.0
Равно: 110
***************************************
дек. 05, 2022 7:56:18 PM task_3 main
INFO: Действие: 1.Сложение 2.Разница 3.Деление 4.Умножение 
Первое число: 100.0
Действие: 2
Второе число:70.0
Равно: 30
***************************************
дек. 05, 2022 8:18:21 PM task_3 main
INFO: Действие: 1.Сложение 2.Разница 3.Деление 4.Умножение 
Первое число: 5.0
Действие: 4
Второе число: 5.0
Равно: = 25
***************************************
дек. 05, 2022 8:19:01 PM task_3 main
INFO: Действие: 1.Сложение 2.Разница 3.Деление 4.Умножение 
Первое число: 6.0
Действие: 4
Второе число: 7.0
Равно: = 42
***************************************
дек. 05, 2022 8:22:06 PM task_3 main
INFO: Действие: 1.Сложение 2.Разница 3.Деление 4.Умножение 
Первое число: 10.0
Действие: 1
Второе число: 10.0
Вердиктнет
Равно: = 20
***************************************
дек. 05, 2022 8:24:31 PM task_3 main
INFO: Действие: 1.Сложение 2.Разница 3.Деление 4.Умножение 
Первое число: 10.0
Действие: 1
Второе число: 10.0
Вердиктlf
Равно: = 20
***************************************
дек. 05, 2022 8:30:06 PM task_3 main
INFO: Действие: 1.Сложение 2.Разница 3.Деление 4.Умножение 
Первое число: 5.0
Действие: 4
Второе число: 5.0
Вердиктlf
Равно: = 25
***************************************
дек. 05, 2022 8:31:42 PM task_3 main
INFO: Действие: 1.Сложение 2.Разница 3.Деление 4.Умножение 
Первое число: 3.0
Действие: 4
Второе число: 2.0
Вердикт
null
Равно: = 6
***************************************
дек. 05, 2022 8:33:45 PM task_3 main
INFO: Действие: 1.Сложение 2.Разница 3.Деление 4.Умножение 
Первое число: 12.0
Действие: 4
Второе число: 12.0
Вердикт
да
Равно: = 144
***************************************
дек. 05, 2022 9:12:40 PM task_3 main
INFO: Действие: 1.Сложение 2.Разница 3.Деление 4.Умножение 
Первое число: 2.0
Действие: 1
Второе число: 3.0
Вердикт
да
Равно: = 5
***************************************
дек. 05, 2022 9:13:54 PM task_3 main
INFO: Действие: 1.Сложение 2.Разница 3.Деление 4.Умножение 
Первое число: 3.0
Действие: 4
Второе число: 4.0
Вердикт
да
Равно: = 12
***************************************
дек. 05, 2022 9:16:23 PM task_3 main
INFO: Действие: 1.Сложение 2.Разница 3.Деление 4.Умножение 
Первое число: 5.0
Действие: 4
Второе число: 5.0
Вердикт
да
Равно: = 25
***************************************
дек. 05, 2022 9:16:45 PM task_3 main
INFO: Действие: 1.Сложение 2.Разница 3.Деление 4.Умножение 
Первое число: 3.0
Действие: 4
Второе число: 4.0
Вердикт
да
Равно: = 12
***************************************
дек. 05, 2022 9:17:19 PM task_3 main
INFO: Действие: 1.Сложение 2.Разница 3.Деление 4.Умножение 
Первое число: 34.0
Действие: 2
Второе число: 3.0
Вердикт
null
Равно: = 31
***************************************
дек. 05, 2022 9:18:16 PM task_3 main
INFO: Действие: 1.Сложение 2.Разница 3.Деление 4.Умножение 
Первое число: 3.0
Действие: 4
Второе число: 4.0
Вердикт
null
Равно: = 12
***************************************
дек. 05, 2022 9:18:59 PM task_3 main
INFO: Действие: 1.Сложение 2.Разница 3.Деление 4.Умножение 
Первое число: 2.0
Действие: 3
Второе число: 4.0
Вердикт
null
Равно: = 0
***************************************
дек. 05, 2022 9:19:40 PM task_3 main
INFO: Действие: 1.Сложение 2.Разница 3.Деление 4.Умножение 
Первое число: 3.0
Действие: 1
Второе число: 4.0
Вердикт
null
Равно: = 7
***************************************
дек. 05, 2022 9:20:09 PM task_3 main
INFO: Действие: 1.Сложение 2.Разница 3.Деление 4.Умножение 
Первое число: 5.0
Действие: 5
Второе число: 5.0
Вердикт
null
Равно: = 0
***************************************
дек. 05, 2022 9:20:24 PM task_3 main
INFO: Действие: 1.Сложение 2.Разница 3.Деление 4.Умножение 
Первое число: 3.0
Действие: 4
Второе число: 4.0
Вердикт
null
Равно: = 12
***************************************
дек. 05, 2022 9:20:46 PM task_3 main
INFO: Действие: 1.Сложение 2.Разница 3.Деление 4.Умножение 
Первое число: 44.0
Действие: 3
Второе число: 55.0
Вердикт
null
Равно: = 0
***************************************
дек. 05, 2022 9:23:35 PM task_3 main
INFO: Действие: 1.Сложение 2.Разница 3.Деление 4.Умножение 
Первое число: 3.0
Действие: 4
Второе число: 4.0
Вердикт
null
Равно: = 12
***************************************
дек. 05, 2022 9:24:04 PM task_3 main
INFO: Действие: 1.Сложение 2.Разница 3.Деление 4.Умножение 
Первое число: 5.0
Действие: 4
Второе число: 5.0
Вердикт
null
Равно: = 25
***************************************
дек. 05, 2022 9:24:23 PM task_3 main
INFO: Действие: 1.Сложение 2.Разница 3.Деление 4.Умножение 
Первое число: 3.0
Действие: 4
Второе число: 4.0
Вердикт
null
Равно: = 12
***************************************
дек. 05, 2022 9:24:36 PM task_3 main
INFO: Действие: 1.Сложение 2.Разница 3.Деление 4.Умножение 
Первое число: 44.0
Действие: 3
Второе число: 5.0
Вердикт
null
Равно: = 8
***************************************
дек. 05, 2022 9:27:04 PM task_3 main
INFO: Действие: 1.Сложение 2.Разница 3.Деление 4.Умножение 
Первое число: 3.0
Действие: 1
Второе число: 4.0
Вердикт
null
Равно: = 7
***************************************
дек. 05, 2022 9:28:01 PM task_3 main
INFO: Действие: 1.Сложение 2.Разница 3.Деление 4.Умножение 
Первое число: 4.0
Действие: 4
Второе число: 3.0
Вердикт
нет
Равно: = 12
***************************************
дек. 06, 2022 1:33:58 PM task_3 main
INFO: Действие: 1.Сложение 2.Разница 3.Деление 4.Умножение 
Первое число: 3.0
Действие: 4
Второе число: 3.0
Вердикт: нет
Равно: = 9
***************************************
дек. 06, 2022 1:33:58 PM task_3 main
INFO: Время работы для LinkedList (в миллисекундах)8217
*====================================================*
дек. 06, 2022 1:34:33 PM task_3 main
INFO: Действие: 1.Сложение 2.Разница 3.Деление 4.Умножение 
Первое число: 4.0
Действие: 4
Второе число: 4.0
Вердикт: да
Равно: = 16
***************************************
дек. 06, 2022 1:34:33 PM task_3 main
INFO: 
Время работы для LinkedList (в миллисекундах)9381
*====================================================*
