дек. 04, 2022 2:05:33 PM task_1_2 main
INFO: Запись в LinkedList:[[1, 2, 3, 4, 5, 6, 7, 8, 9, 10]]
дек. 04, 2022 2:05:33 PM task_1_2 main
INFO: Развернутый список:[[10, 9, 8, 7, 6, 5, 4, 3, 2, 1]]
дек. 04, 2022 2:05:33 PM task_1_2 main
INFO: Время работы для LinkedList (в милисекундах)163
дек. 04, 2022 2:05:44 PM task_1_2 main
INFO: Запись в LinkedList:[[1, 2, 3, 4, 5, 6, 7, 8, 9, 10]]
дек. 04, 2022 2:05:44 PM task_1_2 main
INFO: Развернутый список:[[10, 9, 8, 7, 6, 5, 4, 3, 2, 1]]
дек. 04, 2022 2:05:44 PM task_1_2 main
INFO: Время работы для LinkedList (в милисекундах)143
дек. 04, 2022 2:05:46 PM task_1_2 main
INFO: Запись в LinkedList:[[1, 2, 3, 4, 5, 6, 7, 8, 9, 10]]
дек. 04, 2022 2:05:46 PM task_1_2 main
INFO: Развернутый список:[[10, 9, 8, 7, 6, 5, 4, 3, 2, 1]]
дек. 04, 2022 2:05:46 PM task_1_2 main
INFO: Время работы для LinkedList (в милисекундах)110
дек. 04, 2022 2:06:08 PM task_1_2 main
INFO: Запись в LinkedList:[[1, 2, 3, 4, 5, 6, 7, 8, 9, 10]]
дек. 04, 2022 2:06:08 PM task_1_2 main
INFO: Развернутый список:[[10, 9, 8, 7, 6, 5, 4, 3, 2, 1]]
дек. 04, 2022 2:06:08 PM task_1_2 main
INFO: Время работы для LinkedList (в милисекундах)150
дек. 04, 2022 2:06:10 PM task_1_2 main
INFO: Запись в LinkedList:[[1, 2, 3, 4, 5, 6, 7, 8, 9, 10]]
дек. 04, 2022 2:06:10 PM task_1_2 main
INFO: Развернутый список:[[10, 9, 8, 7, 6, 5, 4, 3, 2, 1]]
дек. 04, 2022 2:06:10 PM task_1_2 main
INFO: Время работы для LinkedList (в милисекундах)60
дек. 04, 2022 2:06:12 PM task_1_2 main
INFO: Запись в LinkedList:[[1, 2, 3, 4, 5, 6, 7, 8, 9, 10]]
дек. 04, 2022 2:06:12 PM task_1_2 main
INFO: Развернутый список:[[10, 9, 8, 7, 6, 5, 4, 3, 2, 1]]
дек. 04, 2022 2:06:12 PM task_1_2 main
INFO: Время работы для LinkedList (в милисекундах)64
дек. 04, 2022 2:06:14 PM task_1_2 main
INFO: Запись в LinkedList:[[1, 2, 3, 4, 5, 6, 7, 8, 9, 10]]
дек. 04, 2022 2:06:15 PM task_1_2 main
INFO: Развернутый список:[[10, 9, 8, 7, 6, 5, 4, 3, 2, 1]]
дек. 04, 2022 2:06:15 PM task_1_2 main
INFO: Время работы для LinkedList (в милисекундах)130
дек. 04, 2022 2:06:16 PM task_1_2 main
INFO: Запись в LinkedList:[[1, 2, 3, 4, 5, 6, 7, 8, 9, 10]]
дек. 04, 2022 2:06:16 PM task_1_2 main
INFO: Развернутый список:[[10, 9, 8, 7, 6, 5, 4, 3, 2, 1]]
дек. 04, 2022 2:06:16 PM task_1_2 main
INFO: Время работы для LinkedList (в милисекундах)159
дек. 04, 2022 2:08:26 PM task_1_2 main
INFO: Запись в LinkedList: 
------------[[1, 2, 3, 4, 5, 6, 7, 8, 9, 10]]
дек. 04, 2022 2:08:26 PM task_1_2 main
INFO: Развернутый список:[[10, 9, 8, 7, 6, 5, 4, 3, 2, 1]]
дек. 04, 2022 2:08:26 PM task_1_2 main
INFO: Время работы для LinkedList (в милисекундах)171
дек. 04, 2022 2:09:02 PM task_1_2 main
INFO: Запись в LinkedList: [[1, 2, 3, 4, 5, 6, 7, 8, 9, 10]]
________________
дек. 04, 2022 2:09:02 PM task_1_2 main
INFO: Развернутый список:[[10, 9, 8, 7, 6, 5, 4, 3, 2, 1]]
дек. 04, 2022 2:09:02 PM task_1_2 main
INFO: Время работы для LinkedList (в милисекундах)97
дек. 04, 2022 2:10:14 PM task_1_2 main
INFO: Запись в LinkedList: [[1, 2, 3, 4, 5, 6, 7, 8, 9, 10]]
____________________________________
дек. 04, 2022 2:10:14 PM task_1_2 main
INFO: Развернутый список:[[10, 9, 8, 7, 6, 5, 4, 3, 2, 1]]
дек. 04, 2022 2:10:14 PM task_1_2 main
INFO: Время работы для LinkedList (в милисекундах)104
дек. 04, 2022 2:12:20 PM task_1_2 main
INFO: Запись в LinkedList: [[1, 2, 3, 4, 5, 6, 7, 8, 9, 10]]
_____________________________________________________
дек. 04, 2022 2:12:20 PM task_1_2 main
INFO: Развернутый список:[[10, 9, 8, 7, 6, 5, 4, 3, 2, 1]]
_____________________________________________________
дек. 04, 2022 2:12:20 PM task_1_2 main
INFO: Время работы для LinkedList (в милисекундах)88


*================================================*
дек. 04, 2022 2:12:44 PM task_1_2 main
INFO: Запись в LinkedList: [[1, 2, 3, 4, 5, 6, 7, 8, 9, 10]]
_____________________________________________________
дек. 04, 2022 2:12:44 PM task_1_2 main
INFO: Развернутый список:[[10, 9, 8, 7, 6, 5, 4, 3, 2, 1]]
_____________________________________________________
дек. 04, 2022 2:12:44 PM task_1_2 main
INFO: Время работы для LinkedList (в милисекундах)117


*================================================*
дек. 04, 2022 2:13:21 PM task_1_2 main
INFO: Запись в LinkedList: [[1, 2, 3, 4, 5, 6, 7, 8, 9, 10]]
_____________________________________________________
дек. 04, 2022 2:13:21 PM task_1_2 main
INFO: Развернутый список:[[10, 9, 8, 7, 6, 5, 4, 3, 2, 1]]
_____________________________________________________
дек. 04, 2022 2:13:21 PM task_1_2 main
INFO: Время работы для LinkedList (в милисекундах)69


*================================================*
дек. 04, 2022 2:13:54 PM task_1_2 main
INFO: Запись в LinkedList: [[1, 2, 3, 4, 5, 6, 7, 8, 9, 10]]
_____________________________________________________
дек. 04, 2022 2:13:54 PM task_1_2 main
INFO: Развернутый список:[[10, 9, 8, 7, 6, 5, 4, 3, 2, 1]]
_____________________________________________________
дек. 04, 2022 2:13:54 PM task_1_2 main
INFO: Время работы для LinkedList (в милисекундах)60


*===================================================*


дек. 04, 2022 2:14:00 PM task_1_2 main
INFO: Запись в LinkedList: [[1, 2, 3, 4, 5, 6, 7, 8, 9, 10]]
_____________________________________________________
дек. 04, 2022 2:14:00 PM task_1_2 main
INFO: Развернутый список:[[10, 9, 8, 7, 6, 5, 4, 3, 2, 1]]
_____________________________________________________
дек. 04, 2022 2:14:00 PM task_1_2 main
INFO: Время работы для LinkedList (в милисекундах)128


*===================================================*


дек. 04, 2022 2:14:30 PM task_1_2 main
INFO: Запись в LinkedList: [[1, 2, 3, 4, 5, 6, 7, 8, 9, 10]]
_____________________________________________________
дек. 04, 2022 2:14:30 PM task_1_2 main
INFO: Развернутый список:[[10, 9, 8, 7, 6, 5, 4, 3, 2, 1]]
_____________________________________________________
дек. 04, 2022 2:14:30 PM task_1_2 main
INFO: Время работы для LinkedList (в милисекундах)84
*====================================================*

дек. 04, 2022 2:14:32 PM task_1_2 main
INFO: Запись в LinkedList: [[1, 2, 3, 4, 5, 6, 7, 8, 9, 10]]
_____________________________________________________
дек. 04, 2022 2:14:32 PM task_1_2 main
INFO: Развернутый список:[[10, 9, 8, 7, 6, 5, 4, 3, 2, 1]]
_____________________________________________________
дек. 04, 2022 2:14:32 PM task_1_2 main
INFO: Время работы для LinkedList (в милисекундах)66
*====================================================*

дек. 04, 2022 2:14:52 PM task_1_2 main
INFO: Запись в LinkedList: [[1, 2, 3, 4, 5, 6, 7, 8, 9, 10]]
_____________________________________________________
дек. 04, 2022 2:14:52 PM task_1_2 main
INFO: Развернутый список:[[10, 9, 8, 7, 6, 5, 4, 3, 2, 1]]
_____________________________________________________
дек. 04, 2022 2:14:52 PM task_1_2 main
INFO: Время работы для LinkedList (в милисекундах)105
*====================================================*
дек. 04, 2022 2:14:59 PM task_1_2 main
INFO: Запись в LinkedList: [[1, 2, 3, 4, 5, 6, 7, 8, 9, 10]]
_____________________________________________________
дек. 04, 2022 2:14:59 PM task_1_2 main
INFO: Развернутый список:[[10, 9, 8, 7, 6, 5, 4, 3, 2, 1]]
_____________________________________________________
дек. 04, 2022 2:14:59 PM task_1_2 main
INFO: Время работы для LinkedList (в милисекундах)111
*====================================================*
дек. 04, 2022 2:16:43 PM task_1_2 main
INFO: Запись в LinkedList: [[1, 2, 3, 4, 5, 6, 7, 8, 9, 10]]
_____________________________________________________
дек. 04, 2022 2:16:43 PM task_1_2 main
INFO: Развернутый список:[[10, 9, 8, 7, 6, 5, 4, 3, 2, 1]]
_____________________________________________________
дек. 04, 2022 2:16:43 PM task_1_2 main
INFO: [32mВремя работы для LinkedList (в милисекундах)101
*====================================================*
дек. 04, 2022 2:18:26 PM task_1_2 main
INFO: Запись в LinkedList: [[1, 2, 3, 4, 5, 6, 7, 8, 9, 10]]
_____________________________________________________
дек. 04, 2022 2:18:26 PM task_1_2 main
INFO: Развернутый список:[[10, 9, 8, 7, 6, 5, 4, 3, 2, 1]]
_____________________________________________________
дек. 04, 2022 2:18:26 PM task_1_2 main
INFO: [32mВремя работы для LinkedList (в милисекундах)72[31m
*====================================================*
дек. 04, 2022 2:21:48 PM task_1_2 main
INFO: Запись в LinkedList: [[1, 2, 3, 4, 5, 6, 7, 8, 9, 10]]
_____________________________________________________
дек. 04, 2022 2:21:48 PM task_1_2 main
INFO: Развернутый список:[[10, 9, 8, 7, 6, 5, 4, 3, 2, 1]]
_____________________________________________________
дек. 04, 2022 2:21:48 PM task_1_2 main
INFO: [32mВремя работы для LinkedList (в милисекундах)72[31m
*====================================================*
