дек. 04, 2022 3:46:01 PM task_2 main
INFO: Запись в LinkedList: [[65, 14, 48, 95, 70, 18, 45]]
_____________________________________________________
дек. 04, 2022 3:47:09 PM task_2 main
INFO: Запись в LinkedList: [[15, 84, 56, 46, 85, 90, 87]]
_____________________________________________________
дек. 04, 2022 3:49:47 PM task_2 main
INFO: Запись в LinkedList: [[12, 38, 57, 26, 78, 96, 72]]
_____________________________________________________
дек. 04, 2022 3:50:37 PM task_2 main
INFO: Запись в LinkedList: [[16, 38, 46, 80, 32, 88, 22]]
_____________________________________________________
дек. 04, 2022 3:51:13 PM task_2 main
INFO: Запись в LinkedList: [[12, 64, 89, 28, 57, 50, 18]]
_____________________________________________________
дек. 04, 2022 3:53:27 PM task_2 main
INFO: Запись в LinkedList: [[63, 18, 25, 44, 4, 39, 44]]
_____________________________________________________
дек. 04, 2022 3:54:21 PM task_2 main
INFO: Запись в LinkedList: [[46, 57, 90, 58, 31, 56, 37]]
_____________________________________________________
дек. 04, 2022 3:54:47 PM task_2 main
INFO: Запись в LinkedList: [[19, 81, 17, 21, 33, 68, 0]]
_____________________________________________________
дек. 04, 2022 3:55:14 PM task_2 main
INFO: Запись в LinkedList: [[25, 76, 90, 55, 94, 67, 47]]
_____________________________________________________
дек. 04, 2022 3:56:50 PM task_2 main
INFO: Запись в LinkedList: [[0, 42, 26, 25, 21, 4, 87]]
_____________________________________________________
дек. 04, 2022 3:57:11 PM task_2 main
INFO: Запись в LinkedList: [[93, 76, 55, 87, 30, 86, 88]]
_____________________________________________________
дек. 04, 2022 3:57:36 PM task_2 main
INFO: Запись в LinkedList: [[43, 69, 13, 50, 75, 21, 77]]
_____________________________________________________
дек. 04, 2022 4:00:43 PM task_2 main
INFO: Размер списка: []
_____________________________________________________
дек. 04, 2022 4:00:43 PM task_2 main
INFO: Запись в LinkedList: [[14, 90, 15, 17, 58, 49, 43]]
_____________________________________________________
дек. 04, 2022 4:01:20 PM task_2 main
INFO: Размер списка: []
_____________________________________________________
дек. 04, 2022 4:01:20 PM task_2 main
INFO: Запись в LinkedList: [[5, 81, 74, 46, 25, 82, 87]]
_____________________________________________________
дек. 04, 2022 4:01:27 PM task_2 main
INFO: Размер списка: []
_____________________________________________________
дек. 04, 2022 4:01:27 PM task_2 main
INFO: Запись в LinkedList: [[21, 78, 60, 93, 78, 52, 64]]
_____________________________________________________
дек. 04, 2022 4:09:02 PM task_2 main
INFO: Запись в LinkedList: [[7]]
_____________________________________________________
дек. 04, 2022 4:09:02 PM task_2 main
INFO: Запись в LinkedList: [[52, 1, 60, 75, 65, 40, 53]]
_____________________________________________________
дек. 04, 2022 4:10:55 PM task_2 main
INFO: Запись в LinkedList: [[7]]
_____________________________________________________
дек. 04, 2022 4:10:55 PM task_2 main
INFO: Запись в LinkedList: [[64, 51, 57, 94, 79, 85, 59]]
_____________________________________________________
дек. 04, 2022 4:10:55 PM task_2 main
INFO: помещает элемент в конец очереди: [[64, 51, 57, 94, 79, 85, 59, 93]]
_____________________________________________________
дек. 04, 2022 4:13:50 PM task_2 main
INFO: Запись в LinkedList: [[7]]
_____________________________________________________
дек. 04, 2022 4:13:51 PM task_2 main
INFO: Запись в LinkedList: [[52, 52, 42, 94, 1, 96, 82]]
_____________________________________________________
дек. 04, 2022 4:13:51 PM task_2 main
INFO: Запись в LinkedList: [[28]]
_____________________________________________________
дек. 04, 2022 4:16:38 PM task_2 main
INFO: Размер списка в LinkedList: [[7]]
_____________________________________________________
дек. 04, 2022 4:16:38 PM task_2 main
INFO: Запись в LinkedList: [[44, 22, 10, 17, 7, 30, 87]]
_____________________________________________________
дек. 04, 2022 4:16:38 PM task_2 main
INFO: Запись в LinkedList: [[25]]
_____________________________________________________
дек. 04, 2022 4:16:38 PM task_2 main
INFO: Размер списка в LinkedList: [[7]]
_____________________________________________________
дек. 04, 2022 4:16:38 PM task_2 main
INFO: Запись в LinkedList: [[25]]
_____________________________________________________
дек. 04, 2022 4:17:00 PM task_2 main
INFO: Размер списка в LinkedList: [[7]]
_____________________________________________________
дек. 04, 2022 4:17:00 PM task_2 main
INFO: Запись в LinkedList: [[48, 13, 22, 21, 38, 44, 90]]
_____________________________________________________
дек. 04, 2022 4:17:00 PM task_2 main
INFO: Запись в LinkedList: [[81]]
_____________________________________________________
дек. 04, 2022 4:17:00 PM task_2 main
INFO: Размер списка в LinkedList: [[7]]
_____________________________________________________
дек. 04, 2022 4:17:00 PM task_2 main
INFO: первый элемент из очереди: [[81]]
_____________________________________________________
дек. 04, 2022 4:19:05 PM task_2 main
INFO: Размер списка в LinkedList: [[7]]
_____________________________________________________
дек. 04, 2022 4:19:05 PM task_2 main
INFO: Запись в LinkedList: [[24, 87, 88, 87, 71, 52, 92]]
_____________________________________________________
дек. 04, 2022 4:19:05 PM task_2 main
INFO: Добавленниый элемент: [[85]]
_____________________________________________________
дек. 04, 2022 4:19:05 PM task_2 main
INFO: Размер списка в LinkedList: [[7]]
_____________________________________________________
дек. 04, 2022 4:19:05 PM task_2 main
INFO: первый элемент из очереди: [[85]]
_____________________________________________________
дек. 04, 2022 4:20:17 PM task_2 main
INFO: Запись в LinkedList: [[10, 4, 88, 1, 29, 83, 12]]
_____________________________________________________
дек. 04, 2022 4:20:17 PM task_2 main
INFO: Размер списка в LinkedList: [[7]]
_____________________________________________________
дек. 04, 2022 4:20:17 PM task_2 main
INFO: Добавленниый элемент: [[92]]
_____________________________________________________
дек. 04, 2022 4:20:17 PM task_2 main
INFO: Размер списка в LinkedList: [[7]]
_____________________________________________________
дек. 04, 2022 4:20:17 PM task_2 main
INFO: первый элемент из очереди: [[92]]
_____________________________________________________
дек. 04, 2022 4:21:39 PM task_2 main
INFO: Запись в LinkedList: [[96, 56, 79, 88, 65, 88, 32]]
_____________________________________________________
дек. 04, 2022 4:21:39 PM task_2 main
INFO: Размер списка в LinkedList: [[7]]
_____________________________________________________
дек. 04, 2022 4:21:39 PM task_2 main
INFO: Добавленниый элемент: [[18]]
_____________________________________________________
дек. 04, 2022 4:21:39 PM task_2 main
INFO: Размер списка в LinkedList: [[7]]
_____________________________________________________
дек. 04, 2022 4:21:39 PM task_2 main
INFO: первый элемент из очереди: [[18]]
_____________________________________________________
дек. 04, 2022 4:23:06 PM task_2 main
INFO: Запись в LinkedList: [[77, 53, 17, 8, 40, 79, 31]]
_____________________________________________________
дек. 04, 2022 4:23:06 PM task_2 main
INFO: Размер списка в LinkedList: [[7]]
_____________________________________________________
дек. 04, 2022 4:23:06 PM task_2 main
INFO: Добавленниый элемент: [[93]]
_____________________________________________________
дек. 04, 2022 4:23:06 PM task_2 main
INFO: Развернутый список:[[77, 53, 17, 8, 40, 79, 31, 93]]
_____________________________________________________
дек. 04, 2022 4:23:06 PM task_2 main
INFO: Размер списка в LinkedList: [[7]]
_____________________________________________________
дек. 04, 2022 4:23:06 PM task_2 main
INFO: первый элемент из очереди: [[93]]
_____________________________________________________
дек. 04, 2022 4:23:20 PM task_2 main
INFO: Запись в LinkedList: [[22, 52, 36, 82, 53, 14, 18]]
_____________________________________________________
дек. 04, 2022 4:23:20 PM task_2 main
INFO: Размер списка в LinkedList: [[7]]
_____________________________________________________
дек. 04, 2022 4:23:20 PM task_2 main
INFO: Добавленниый элемент: [[2]]
_____________________________________________________
дек. 04, 2022 4:23:20 PM task_2 main
INFO: Развернутый список:[[22, 52, 36, 82, 53, 14, 18, 2]]
_____________________________________________________
дек. 04, 2022 4:23:20 PM task_2 main
INFO: Размер списка в LinkedList: [[7]]
_____________________________________________________
дек. 04, 2022 4:23:20 PM task_2 main
INFO: первый элемент из очереди: [[2]]
_____________________________________________________
дек. 04, 2022 4:26:06 PM task_2 main
INFO: Запись в LinkedList: [[80, 25, 75, 39, 28, 55, 96]]
_____________________________________________________
дек. 04, 2022 4:26:06 PM task_2 main
INFO: Размер списка в LinkedList: [[7]]
_____________________________________________________
дек. 04, 2022 4:26:06 PM task_2 main
INFO: Добавленниый элемент: [[54]]
_____________________________________________________
дек. 04, 2022 4:26:06 PM task_2 main
INFO: Cписок с добавленным элементом: [[80, 25, 75, 39, 28, 55, 96, 54]]
_____________________________________________________
дек. 04, 2022 4:26:06 PM task_2 main
INFO: Размер списка в LinkedList: [[8]]
_____________________________________________________
дек. 04, 2022 4:26:06 PM task_2 main
INFO: первый элемент из очереди: [[54]]
_____________________________________________________
дек. 04, 2022 4:29:00 PM task_2 main
INFO: Запись в LinkedList: [[96, 31, 32, 18, 36, 13, 68]]
_____________________________________________________
дек. 04, 2022 4:29:00 PM task_2 main
INFO: Размер списка в LinkedList: [[7]]
_____________________________________________________
дек. 04, 2022 4:29:00 PM task_2 main
INFO: Добавленниый элемент: [[36]]
_____________________________________________________
дек. 04, 2022 4:29:00 PM task_2 main
INFO: Cписок с добавленным элементом: [[96, 31, 32, 18, 36, 13, 68, 36]]
_____________________________________________________
дек. 04, 2022 4:29:00 PM task_2 main
INFO: Размер списка в LinkedList: [[8]]
_____________________________________________________
дек. 04, 2022 4:29:00 PM task_2 main
INFO: первый элемент из очереди: [[0]]
_____________________________________________________
дек. 04, 2022 4:29:00 PM task_2 main
INFO: Удаляет первый элемент: [[0]]
_____________________________________________________
дек. 04, 2022 4:30:36 PM task_2 main
INFO: Запись в LinkedList: [[52, 42, 28, 83, 34, 69, 17]]
_____________________________________________________
дек. 04, 2022 4:30:36 PM task_2 main
INFO: Размер списка в LinkedList: [[7]]
_____________________________________________________
дек. 04, 2022 4:30:36 PM task_2 main
INFO: Добавленниый элемент: [[76]]
_____________________________________________________
дек. 04, 2022 4:30:36 PM task_2 main
INFO: Cписок с добавленным элементом: [[52, 42, 28, 83, 34, 69, 17, 76]]
_____________________________________________________
дек. 04, 2022 4:30:36 PM task_2 main
INFO: Размер списка в LinkedList: [[8]]
_____________________________________________________
дек. 04, 2022 4:30:36 PM task_2 main
INFO: первый элемент из очереди: [[52]]
_____________________________________________________
дек. 04, 2022 4:30:36 PM task_2 main
INFO: Удаляет первый элемент: [[52]]
_____________________________________________________
дек. 04, 2022 4:32:58 PM task_2 main
INFO: Запись в LinkedList: [[87, 20, 0, 93, 59, 39, 47]]
_____________________________________________________
дек. 04, 2022 4:32:58 PM task_2 main
INFO: Размер списка в LinkedList: [[7]]
_____________________________________________________
дек. 04, 2022 4:32:58 PM task_2 main
INFO: Добавленниый элемент: [[62]]
_____________________________________________________
дек. 04, 2022 4:32:58 PM task_2 main
INFO: Cписок с добавленным элементом: [[87, 20, 0, 93, 59, 39, 47, 62]]
_____________________________________________________
дек. 04, 2022 4:32:58 PM task_2 main
INFO: Размер списка в LinkedList: [[8]]
_____________________________________________________
дек. 04, 2022 4:32:58 PM task_2 main
INFO: первый элемент из очереди: [[87]]
_____________________________________________________
дек. 04, 2022 4:32:58 PM task_2 main
INFO: Удаляет первый элемент: [[87]]
_____________________________________________________
дек. 04, 2022 4:32:58 PM task_2 main
INFO: Cписок с добавленным элементом: [[20, 0, 93, 59, 39, 47, 62]]
_____________________________________________________
дек. 04, 2022 4:32:58 PM task_2 main
INFO: Размер списка в LinkedList: [[8]]
_____________________________________________________
дек. 04, 2022 4:32:58 PM task_2 main
INFO: Время работы для LinkedList (в миллисекундах)99
*====================================================*
дек. 04, 2022 4:33:15 PM task_2 main
INFO: Запись в LinkedList: [[10, 86, 85, 73, 91, 78, 50]]
_____________________________________________________
дек. 04, 2022 4:33:15 PM task_2 main
INFO: Размер списка в LinkedList: [[7]]
_____________________________________________________
дек. 04, 2022 4:33:15 PM task_2 main
INFO: Добавленниый элемент: [[77]]
_____________________________________________________
дек. 04, 2022 4:33:15 PM task_2 main
INFO: Cписок с добавленным элементом: [[10, 86, 85, 73, 91, 78, 50, 77]]
_____________________________________________________
дек. 04, 2022 4:33:15 PM task_2 main
INFO: Размер списка в LinkedList: [[8]]
_____________________________________________________
дек. 04, 2022 4:33:15 PM task_2 main
INFO: первый элемент из очереди: [[10]]
_____________________________________________________
дек. 04, 2022 4:33:15 PM task_2 main
INFO: Удаляет первый элемент: [[10]]
_____________________________________________________
дек. 04, 2022 4:33:15 PM task_2 main
INFO: Cписок с добавленным элементом: [[86, 85, 73, 91, 78, 50, 77]]
_____________________________________________________
дек. 04, 2022 4:33:15 PM task_2 main
INFO: Размер списка в LinkedList: [[8]]
_____________________________________________________
дек. 04, 2022 4:33:15 PM task_2 main
INFO: Время работы для LinkedList (в миллисекундах)71
*====================================================*
дек. 04, 2022 4:33:20 PM task_2 main
INFO: Запись в LinkedList: [[75, 40, 22, 0, 84, 44, 92]]
_____________________________________________________
дек. 04, 2022 4:33:20 PM task_2 main
INFO: Размер списка в LinkedList: [[7]]
_____________________________________________________
дек. 04, 2022 4:33:20 PM task_2 main
INFO: Добавленниый элемент: [[34]]
_____________________________________________________
дек. 04, 2022 4:33:20 PM task_2 main
INFO: Cписок с добавленным элементом: [[75, 40, 22, 0, 84, 44, 92, 34]]
_____________________________________________________
дек. 04, 2022 4:33:20 PM task_2 main
INFO: Размер списка в LinkedList: [[8]]
_____________________________________________________
дек. 04, 2022 4:33:20 PM task_2 main
INFO: первый элемент из очереди: [[75]]
_____________________________________________________
дек. 04, 2022 4:33:20 PM task_2 main
INFO: Удаляет первый элемент: [[75]]
_____________________________________________________
дек. 04, 2022 4:33:20 PM task_2 main
INFO: Cписок с добавленным элементом: [[40, 22, 0, 84, 44, 92, 34]]
_____________________________________________________
дек. 04, 2022 4:33:20 PM task_2 main
INFO: Размер списка в LinkedList: [[8]]
_____________________________________________________
дек. 04, 2022 4:33:20 PM task_2 main
INFO: Время работы для LinkedList (в миллисекундах)70
*====================================================*
дек. 04, 2022 4:34:24 PM task_2 main
INFO: Запись в LinkedList: [[48, 21, 44, 72, 85, 9, 25]]
_____________________________________________________
дек. 04, 2022 4:34:24 PM task_2 main
INFO: Размер списка в LinkedList: [[7]]
_____________________________________________________
дек. 04, 2022 4:34:24 PM task_2 main
INFO: Добавленниый элемент: [[54]]
_____________________________________________________
дек. 04, 2022 4:34:24 PM task_2 main
INFO: Cписок с добавленным элементом: [[48, 21, 44, 72, 85, 9, 25, 54]]
_____________________________________________________
дек. 04, 2022 4:34:24 PM task_2 main
INFO: Размер списка в LinkedList: [[8]]
_____________________________________________________
дек. 04, 2022 4:34:24 PM task_2 main
INFO: первый элемент из очереди: [[48]]
_____________________________________________________
дек. 04, 2022 4:34:24 PM task_2 main
INFO: Удаляет первый элемент: [[48]]
_____________________________________________________
дек. 04, 2022 4:34:24 PM task_2 main
INFO: Cписок с добавленным элементом: [[21, 44, 72, 85, 9, 25, 54]]
_____________________________________________________
дек. 04, 2022 4:34:24 PM task_2 main
INFO: Размер списка в LinkedList: [[8]]
_____________________________________________________
дек. 04, 2022 4:34:24 PM task_2 main
INFO: Время работы для LinkedList (в миллисекундах)138
*====================================================*
дек. 04, 2022 4:34:40 PM task_2 main
INFO: Запись в LinkedList: [[0, 9, 38, 77, 88, 89, 53]]
_____________________________________________________
дек. 04, 2022 4:34:40 PM task_2 main
INFO: Размер списка в LinkedList: [[7]]
_____________________________________________________
дек. 04, 2022 4:34:40 PM task_2 main
INFO: Добавленниый элемент: [[31]]
_____________________________________________________
дек. 04, 2022 4:34:40 PM task_2 main
INFO: Cписок с добавленным элементом: [[0, 9, 38, 77, 88, 89, 53, 31]]
_____________________________________________________
дек. 04, 2022 4:34:40 PM task_2 main
INFO: Размер списка в LinkedList: [[8]]
_____________________________________________________
дек. 04, 2022 4:34:40 PM task_2 main
INFO: первый элемент из очереди: [[0]]
_____________________________________________________
дек. 04, 2022 4:34:40 PM task_2 main
INFO: Удаляет первый элемент: [[0]]
_____________________________________________________
дек. 04, 2022 4:34:40 PM task_2 main
INFO: Cписок с добавленным элементом: [[9, 38, 77, 88, 89, 53, 31]]
_____________________________________________________
дек. 04, 2022 4:34:40 PM task_2 main
INFO: Размер списка в LinkedList: [[8]]
_____________________________________________________
дек. 04, 2022 4:34:40 PM task_2 main
INFO: Время работы для LinkedList (в миллисекундах)90
*====================================================*
дек. 04, 2022 4:34:42 PM task_2 main
INFO: Запись в LinkedList: [[16, 80, 41, 25, 46, 47, 25]]
_____________________________________________________
дек. 04, 2022 4:34:42 PM task_2 main
INFO: Размер списка в LinkedList: [[7]]
_____________________________________________________
дек. 04, 2022 4:34:42 PM task_2 main
INFO: Добавленниый элемент: [[26]]
_____________________________________________________
дек. 04, 2022 4:34:42 PM task_2 main
INFO: Cписок с добавленным элементом: [[16, 80, 41, 25, 46, 47, 25, 26]]
_____________________________________________________
дек. 04, 2022 4:34:42 PM task_2 main
INFO: Размер списка в LinkedList: [[8]]
_____________________________________________________
дек. 04, 2022 4:34:42 PM task_2 main
INFO: первый элемент из очереди: [[16]]
_____________________________________________________
дек. 04, 2022 4:34:42 PM task_2 main
INFO: Удаляет первый элемент: [[16]]
_____________________________________________________
дек. 04, 2022 4:34:42 PM task_2 main
INFO: Cписок с добавленным элементом: [[80, 41, 25, 46, 47, 25, 26]]
_____________________________________________________
дек. 04, 2022 4:34:42 PM task_2 main
INFO: Размер списка в LinkedList: [[8]]
_____________________________________________________
дек. 04, 2022 4:34:42 PM task_2 main
INFO: Время работы для LinkedList (в миллисекундах)75
*====================================================*
дек. 04, 2022 4:34:44 PM task_2 main
INFO: Запись в LinkedList: [[13, 12, 94, 5, 62, 93, 90]]
_____________________________________________________
дек. 04, 2022 4:34:44 PM task_2 main
INFO: Размер списка в LinkedList: [[7]]
_____________________________________________________
дек. 04, 2022 4:34:44 PM task_2 main
INFO: Добавленниый элемент: [[71]]
_____________________________________________________
дек. 04, 2022 4:34:44 PM task_2 main
INFO: Cписок с добавленным элементом: [[13, 12, 94, 5, 62, 93, 90, 71]]
_____________________________________________________
дек. 04, 2022 4:34:44 PM task_2 main
INFO: Размер списка в LinkedList: [[8]]
_____________________________________________________
дек. 04, 2022 4:34:44 PM task_2 main
INFO: первый элемент из очереди: [[13]]
_____________________________________________________
дек. 04, 2022 4:34:44 PM task_2 main
INFO: Удаляет первый элемент: [[13]]
_____________________________________________________
дек. 04, 2022 4:34:44 PM task_2 main
INFO: Cписок с добавленным элементом: [[12, 94, 5, 62, 93, 90, 71]]
_____________________________________________________
дек. 04, 2022 4:34:44 PM task_2 main
INFO: Размер списка в LinkedList: [[8]]
_____________________________________________________
дек. 04, 2022 4:34:44 PM task_2 main
INFO: Время работы для LinkedList (в миллисекундах)70
*====================================================*
дек. 04, 2022 4:34:46 PM task_2 main
INFO: Запись в LinkedList: [[97, 28, 85, 86, 34, 68, 32]]
_____________________________________________________
дек. 04, 2022 4:34:47 PM task_2 main
INFO: Размер списка в LinkedList: [[7]]
_____________________________________________________
дек. 04, 2022 4:34:47 PM task_2 main
INFO: Добавленниый элемент: [[6]]
_____________________________________________________
дек. 04, 2022 4:34:47 PM task_2 main
INFO: Cписок с добавленным элементом: [[97, 28, 85, 86, 34, 68, 32, 6]]
_____________________________________________________
дек. 04, 2022 4:34:47 PM task_2 main
INFO: Размер списка в LinkedList: [[8]]
_____________________________________________________
дек. 04, 2022 4:34:47 PM task_2 main
INFO: первый элемент из очереди: [[97]]
_____________________________________________________
дек. 04, 2022 4:34:47 PM task_2 main
INFO: Удаляет первый элемент: [[97]]
_____________________________________________________
дек. 04, 2022 4:34:47 PM task_2 main
INFO: Cписок с добавленным элементом: [[28, 85, 86, 34, 68, 32, 6]]
_____________________________________________________
дек. 04, 2022 4:34:47 PM task_2 main
INFO: Размер списка в LinkedList: [[8]]
_____________________________________________________
дек. 04, 2022 4:34:47 PM task_2 main
INFO: Время работы для LinkedList (в миллисекундах)74
*====================================================*
дек. 04, 2022 4:34:48 PM task_2 main
INFO: Запись в LinkedList: [[60, 33, 28, 76, 15, 38, 14]]
_____________________________________________________
дек. 04, 2022 4:34:48 PM task_2 main
INFO: Размер списка в LinkedList: [[7]]
_____________________________________________________
дек. 04, 2022 4:34:48 PM task_2 main
INFO: Добавленниый элемент: [[58]]
_____________________________________________________
дек. 04, 2022 4:34:48 PM task_2 main
INFO: Cписок с добавленным элементом: [[60, 33, 28, 76, 15, 38, 14, 58]]
_____________________________________________________
дек. 04, 2022 4:34:48 PM task_2 main
INFO: Размер списка в LinkedList: [[8]]
_____________________________________________________
дек. 04, 2022 4:34:48 PM task_2 main
INFO: первый элемент из очереди: [[60]]
_____________________________________________________
дек. 04, 2022 4:34:48 PM task_2 main
INFO: Удаляет первый элемент: [[60]]
_____________________________________________________
дек. 04, 2022 4:34:48 PM task_2 main
INFO: Cписок с добавленным элементом: [[33, 28, 76, 15, 38, 14, 58]]
_____________________________________________________
дек. 04, 2022 4:34:48 PM task_2 main
INFO: Размер списка в LinkedList: [[8]]
_____________________________________________________
дек. 04, 2022 4:34:48 PM task_2 main
INFO: Время работы для LinkedList (в миллисекундах)83
*====================================================*
